make.exe all --print-data-base --no-builtin-variables --no-builtin-rules --question
# GNU Make 4.4.1
# Built for x86_64-pc-msys
# Copyright (C) 1988-2023 Free Software Foundation, Inc.
# License GPLv3+: GNU GPL version 3 or later <https://gnu.org/licenses/gpl.html>
# This is free software: you are free to change and redistribute it.
# There is NO WARRANTY, to the extent permitted by law.
 

# Make data base, printed on Mon Dec 16 15:14:43 2024

# Variables

# environment
FPS_BROWSER_APP_PROFILE_STRING = Internet Explorer
# environment
SYSTEMDRIVE = C:
# environment
JAVA_HOME = C:\Program Files\Java\jdk-17
# environment
LC_ALL = C
# environment
USERPROFILE = C:\Users\Minal
# environment
LOCALAPPDATA = C:\Users\Minal\AppData\Local
# environment
VSCODE_CRASH_REPORTER_PROCESS_TYPE = extensionHost
# environment
VSCODE_CWD = C:\Users\Minal\AppData\Local\Programs\Microsoft VS Code
# environment
CHOCOLATEYINSTALL = C:\ProgramData\chocolatey
# environment
SYSTEMROOT = C:\WINDOWS
# environment
PROCESSOR_LEVEL = 6
# environment
PSMODULEPATH = %ProgramFiles%\WindowsPowerShell\Modules;C:\WINDOWS\system32\WindowsPowerShell\v1.0\Modules
 
# default
MAKE_COMMAND := make
# automatic
@D = $(patsubst %/,%,$(dir $@))
# environment
CHROME_CRASHPAD_PIPE_NAME = \\.\pipe\crashpad_15236_ZHBEEZFTHLIGAFUF
# environment
FPS_BROWSER_USER_PROFILE_STRING = Default
# environment
VSCODE_HANDLES_UNCAUGHT_ERRORS = true
# default
.VARIABLES := 
# automatic
%D = $(patsubst %/,%,$(dir $%))
# automatic
^D = $(patsubst %/,%,$(dir $^))
# automatic
%F = $(notdir $%)
# environment
VSCODE_CODE_CACHE_PATH = C:\Users\Minal\AppData\Roaming\Code\CachedData\138f619c86f1199955d53b4166bef66ef252935c
# environment
LANG = C
# default
.LOADED := 
# environment
TMP = /c/Users/Minal/AppData/Local/Temp
# default
.INCLUDE_DIRS := /usr/include
# makefile
MAKEFLAGS = pqrR
# environment
ONEDRIVE = C:\Users\Minal\OneDrive
# environment
INTELLIJ IDEA COMMUNITY EDITION = C:\Program Files\JetBrains\IntelliJ IDEA Community Edition 2023.2.5\bin;
# makefile
CURDIR := /c/Users/Minal/Desktop/System_Homework
# environment
APPLICATION_INSIGHTS_NO_DIAGNOSTIC_CHANNEL = true
# makefile (from 'Makefile', line 9)
SRCS = main.c player.c creature.c item.c room.c
# automatic
*D = $(patsubst %/,%,$(dir $*))
# environment
PROGRAMFILES = C:\Program Files
# environment
WALLABY_PRODUCTION = true
# environment
MFLAGS = -pqrR
# default
.SHELLFLAGS := -c
# environment
!C: = c:\Users\Minal\Desktop\System_Homework
# environment
COMMONPROGRAMW6432 = C:\Program Files\Common Files
# automatic
+D = $(patsubst %/,%,$(dir $+))
# makefile (from 'Makefile', line 1)
MAKEFILE_LIST := Makefile
# automatic
@F = $(notdir $@)
# environment
VSCODE_PID = 15236
# automatic
?D = $(patsubst %/,%,$(dir $?))
# automatic
*F = $(notdir $*)
# automatic
<D = $(patsubst %/,%,$(dir $<))
# environment
VSCODE_NLS_CONFIG = {"userLocale":"en-us","osLocale":"tr","resolvedLanguage":"en","defaultMessagesFile":"C:\\Users\\Minal\\AppData\\Local\\Programs\\Microsoft VS Code\\resources\\app\\out\\nls.messages.json","locale":"en-us","availableLanguages":{}}
# environment
ANDROID_SDK_ROOT = C:\Users\Minal\AppData\Local\Android\Sdk
# default
MAKE_HOST := x86_64-pc-msys
# makefile (from 'Makefile', line 10)
OBJS = $(SRCS:.c=.o)
# environment
ANDROID_HOME = C:\Users\Minal\AppData\Local\Android\Sdk
# environment
PROGRAMDATA = C:\ProgramData
# default
SHELL := /bin/sh
# environment
HOMEPATH = \Users\Minal
# default
MAKECMDGOALS := all
# makefile (from 'Makefile', line 11)
HEADERS = creature.h room.h item.h player.h game.exe
# environment
DRIVERDATA = C:\Windows\System32\Drivers\DriverData
# environment
COMSPEC = C:\WINDOWS\system32\cmd.exe
# environment
WINDIR = C:\WINDOWS
# environment
MAKELEVEL := 0
# default
MAKE = $(MAKE_COMMAND)
# environment
PATH = /c/Program Files/Google/Chrome/Application:/c/Program Files/Common Files/Oracle/Java/javapath:/c/Program Files (x86)/Common Files/Oracle/Java/java8path:/c/Program Files (x86)/Common Files/Oracle/Java/javapath:/c/WINDOWS/system32:/c/WINDOWS:/c/WINDOWS/System32/Wbem:/c/WINDOWS/System32/WindowsPowerShell/v1.0:/c/WINDOWS/System32/OpenSSH:/c/Program Files/Git/cmd:/c/ProgramData/chocolatey/bin:/c/Users/Minal/AppData/Local/Android/Sdk/platform-tools:/c/Users/Minal/AppData/Local/Android/Sdk/emulator:/c/Program Files/Java/jdk-17/bin:/c/Program Files/nodejs:/ucrt64/bin:/c/Program Files/CMake/bin:/c/MinGW/bin:/usr/bin:/mingw64/bin:/c/Users/Minal/AppData/Local/Android/Sdk/tools:/c/Users/Minal/anaconda3:/c/Users/Minal/anaconda3/Library/mingw-w64/bin:/c/Users/Minal/anaconda3/Library/usr/bin:/c/Users/Minal/anaconda3/Library/bin:/c/Users/Minal/anaconda3/Scripts:/c/Users/Minal/AppData/Local/Programs/Python/Launcher:/c/Users/Minal/AppData/Local/Microsoft/WindowsApps:/c/Program Files/JetBrains/IntelliJ IDEA Community Edition 2023.2.5/bin:/c/Users/Minal/AppData/Local/Android/Sdk/cmdline-tools/latest/bin:/c/Users/Minal/AppData/Local/Programs/Microsoft VS Code/bin:/c/Users/Minal/AppData/Roaming/npm
# environment
ZES_ENABLE_SYSMAN = 1
# environment
COMPUTERNAME = MINEL
# default
MAKEFILES := 
# automatic
^F = $(notdir $^)
# environment
PROMPT = $P$G
# environment
CHOCOLATEYLASTPATHUPDATE = 133645625531427220
# environment
LOGONSERVER = \\MINEL
# environment
USERNAME = Minal
# environment
COMMONPROGRAMFILES = C:\Program Files\Common Files
# automatic
?F = $(notdir $?)
# environment
CHROME_RESTART = Google Chrome|Of! Google Chrome kilitlendi. Şimdi yeniden başlatılsın mı?|LEFT_TO_RIGHT
# environment
PROGRAMW6432 = C:\Program Files
# environment
PATHEXT = .COM;.EXE;.BAT;.CMD;.VBS;.VBE;.JS;.JSE;.WSF;.WSH;.MSC
# automatic
+F = $(notdir $+)
# environment
ORIGINAL_XDG_CURRENT_DESKTOP = undefined
# environment
USERDOMAIN = MINEL
# 'override' directive
GNUMAKEFLAGS := 
# environment
OS = Windows_NT
# environment
__COMPAT_LAYER = DetectorsAppHealth
# makefile
.DEFAULT_GOAL := all
# default
MAKE_VERSION := 4.4.1
# environment
PROGRAMFILES(X86) = C:\Program Files (x86)
# environment
USERDOMAIN_ROAMINGPROFILE = MINEL
# environment
NUMBER_OF_PROCESSORS = 12
# environment
PUBLIC = C:\Users\Public
# environment
APPDATA = C:\Users\Minal\AppData\Roaming
# makefile (from 'Makefile', line 3)
CFLAGS = -Wall -Wextra -std=c11
# environment
HOMEDRIVE = C:
# environment
PROCESSOR_ARCHITECTURE = AMD64
# environment
HOME = /home/Minal
# environment
COMMONPROGRAMFILES(X86) = C:\Program Files (x86)\Common Files
# environment
ELECTRON_RUN_AS_NODE = 1
# environment
TEMP = /c/Users/Minal/AppData/Local/Temp
# environment
VSCODE_IPC_HOOK = \\.\pipe\e32fde2d-1.96.0-main-sock
# environment
TERM = xterm-256color
# default
.RECIPEPREFIX := 
# automatic
<F = $(notdir $<)
# default
SUFFIXES := 
# environment
ALLUSERSPROFILE = C:\ProgramData
# makefile (from 'Makefile', line 6)
TARGET = game
# default
.FEATURES := target-specific order-only second-expansion else-if shortest-stem undefine oneshell nocomment grouped-target extra-prereqs notintermediate shell-export archives jobserver output-sync check-symlink load dospaths
# environment
PROCESSOR_REVISION = 9a04
# makefile (from 'Makefile', line 2)
CC = gcc
# environment
VSCODE_ESM_ENTRYPOINT = vs/workbench/api/node/extensionHostProcess
# environment
PROCESSOR_IDENTIFIER = Intel64 Family 6 Model 154 Stepping 4, GenuineIntel
# variable set hash-table stats:
# Load=107/1024=10%, Rehash=0, Collisions=16/145=11%

# Pattern-specific Variable Values

# No pattern-specific variable values.

# Directories

# . (device 3470977371, inode 2814749768562161): 21 files, no impossibilities.

# 21 files, no impossibilities in 1 directories.

# Implicit Rules

%.o: %.c creature.h room.h item.h player.h game.exe
#  recipe to execute (from 'Makefile', line 22):
	$(CC) $(CFLAGS) -c $< -o $@
 

# 1 implicit rules, 0 (0.0%) terminal.
# Files

# Not a target:
room.o:
#  Implicit rule search has not been done.
#  Modification time never checked.
#  File has not been updated.

# Not a target:
player.o:
#  Implicit rule search has not been done.
#  Modification time never checked.
#  File has not been updated.

game: main.o player.o creature.o item.o room.o
#  Implicit rule search has not been done.
#  Last modified 2024-12-16 15:01:27.8170889
#  File has been updated.
#  Needs to be updated (-q is set).
# variable set hash-table stats:
# Load=0/32=0%, Rehash=0, Collisions=0/5=0%
#  recipe to execute (from 'Makefile', line 18):
	$(CC) $(CFLAGS) -o $(TARGET) $(OBJS)

# Not a target:
item.o:
#  Implicit rule search has not been done.
#  Modification time never checked.
#  File has not been updated.

# makefile (from 'Makefile', line 33)
debug: CFLAGS += -g
debug: clean all
#  Phony target (prerequisite of .PHONY).
#  Implicit rule search has not been done.
#  File does not exist.
#  File has not been updated.
# variable set hash-table stats:
# Load=1/32=3%, Rehash=0, Collisions=0/3=0%

# Not a target:
Makefile:
#  Implicit rule search has been done.
#  File is secondary (prerequisite of .SECONDARY).
#  Last modified 2024-12-16 15:00:00.9235502
#  File has been updated.
#  Successfully updated.

# Not a target:
game.exe:
#  Implicit rule search has been done.
#  File is secondary (prerequisite of .SECONDARY).
#  Last modified 2024-12-16 15:01:27.8170889
#  File has been updated.
#  Successfully updated.

clean:
#  Phony target (prerequisite of .PHONY).
#  Implicit rule search has not been done.
#  File does not exist.
#  File has not been updated.
#  recipe to execute (from 'Makefile', line 30):
	rm -f $(TARGET) $(OBJS)

# Not a target:
room.h:
#  Implicit rule search has been done.
#  File is secondary (prerequisite of .SECONDARY).
#  Last modified 2024-12-15 22:29:52.6402964
#  File has been updated.
#  Successfully updated.

# Not a target:
player.h:
#  Implicit rule search has been done.
#  File is secondary (prerequisite of .SECONDARY).
#  Last modified 2024-12-15 20:21:40.8485724
#  File has been updated.
#  Successfully updated.

# Not a target:
.DEFAULT:
#  Implicit rule search has not been done.
#  Modification time never checked.
#  File has not been updated.

all: game
#  Phony target (prerequisite of .PHONY).
#  Command line target.
#  Implicit rule search has not been done.
#  File does not exist.
#  File has been updated.
#  Needs to be updated (-q is set).
# variable set hash-table stats:
# Load=0/32=0%, Rehash=0, Collisions=0/5=0%

run: game
#  Phony target (prerequisite of .PHONY).
#  Implicit rule search has not been done.
#  File does not exist.
#  File has not been updated.
#  recipe to execute (from 'Makefile', line 26):
	./$(TARGET)

# Not a target:
main.c:
#  Implicit rule search has been done.
#  File is secondary (prerequisite of .SECONDARY).
#  Last modified 2024-12-16 15:14:40.0687664
#  File has been updated.
#  Successfully updated.

main.o: main.c creature.h room.h item.h player.h game.exe
#  Implicit rule search has been done.
#  Implicit/static pattern stem: 'main'
#  Last modified 2024-12-16 15:01:27.2899681
#  File has been updated.
#  Needs to be updated (-q is set).
# automatic
# @ := main.o
 
# automatic
# * := main
# automatic
# < := main.c
# automatic
# + := main.c creature.h room.h item.h player.h game.exe
# automatic
# % := 
# automatic
# ^ := main.c creature.h room.h item.h player.h game.exe
# automatic
# ? := main.c game.exe
# automatic
# | := 
# variable set hash-table stats:
# Load=8/32=25%, Rehash=0, Collisions=2/15=13%
#  recipe to execute (from 'Makefile', line 22):
	$(CC) $(CFLAGS) -c $< -o $@

# Not a target:
creature.h:
#  Implicit rule search has been done.
#  File is secondary (prerequisite of .SECONDARY).
#  Last modified 2024-12-15 18:47:25.7346813
#  File has been updated.
#  Successfully updated.

.PHONY: all clean run debug
#  Implicit rule search has not been done.
#  Modification time never checked.
#  File has not been updated.

# Not a target:
item.h:
#  Implicit rule search has been done.
#  File is secondary (prerequisite of .SECONDARY).
#  Last modified 2024-12-15 20:04:02.5654751
#  File has been updated.
#  Successfully updated.

# Not a target:
creature.o:
#  Implicit rule search has not been done.
#  Modification time never checked.
#  File has not been updated.

# files hash-table stats:
# Load=20/1024=2%, Rehash=0, Collisions=0/61=0%
# VPATH Search Paths

# No 'vpath' search paths.

# No general ('VPATH' variable) search path.

# strcache buffers: 1 (0) / strings = 33 / storage = 238 B / avg = 7 B
# current buf: size = 8162 B / used = 238 B / count = 33 / avg = 7 B

# strcache performance: lookups = 75 / hit rate = 56%
# hash-table stats:
# Load=33/8192=0%, Rehash=0, Collisions=0/75=0%
# Finished Make data base on Mon Dec 16 15:14:43 2024

 
